e:\c源码\面试项目复习\mfc_processtree\x64\debug\mfc_processtree.pch
e:\c源码\面试项目复习\mfc_processtree\x64\debug\vc141.pdb
e:\c源码\面试项目复习\mfc_processtree\x64\debug\vc141.idb
e:\c源码\面试项目复习\mfc_processtree\x64\debug\stdafx.obj
e:\c源码\面试项目复习\mfc_processtree\x64\debug\pefunction.obj
e:\c源码\面试项目复习\mfc_processtree\x64\debug\mylistctrl.obj
e:\c源码\面试项目复习\mfc_processtree\x64\debug\mfc_processtreedlg.obj
e:\c源码\面试项目复习\mfc_processtree\x64\debug\mfc_processtree.obj
e:\c源码\面试项目复习\mfc_processtree\x64\debug\md5.obj
e:\c源码\面试项目复习\mfc_processtree\x64\debug\cmysocket.obj
e:\c源码\面试项目复习\mfc_processtree\x64\debug\mfc_processtree.ilk
e:\c源码\面试项目复习\mfc_processtree\x64\debug\mfc_processtree.exe
e:\c源码\面试项目复习\mfc_processtree\x64\debug\mfc_processtree.pdb
e:\c源码\面试项目复习\mfc_processtree\x64\debug\mfcprocesstree.res
e:\c源码\面试项目复习\mfc_processtree - 副本\x64\debug\cmysocket.obj
e:\c源码\面试项目复习\mfc_processtree - 副本\x64\debug\md5.obj
e:\c源码\面试项目复习\mfc_processtree - 副本\x64\debug\mfc_processtree.obj
e:\c源码\面试项目复习\mfc_processtree - 副本\x64\debug\mfc_processtreedlg.obj
e:\c源码\面试项目复习\mfc_processtree - 副本\x64\debug\mylistctrl.obj
e:\c源码\面试项目复习\mfc_processtree - 副本\x64\debug\pefunction.obj
e:\c源码\面试项目复习\mfc_processtree - 副本\x64\debug\stdafx.obj
e:\c源码\面试项目复习\mfc_processtree - 副本\x64\debug\mfc_processtree.ilk
e:\c源码\面试项目复习\mfc_processtree - 副本\x64\debug\mfcprocesstree.res
e:\c源码\面试项目复习\mfc_processtree - 副本\x64\debug\vc141.idb
e:\c源码\面试项目复习\mfc_processtree - 副本\x64\debug\mfc_processtree.pdb
e:\c源码\面试项目复习\mfc_processtree - 副本\x64\debug\vc141.pdb
e:\c源码\面试项目复习\mfc_processtree - 副本\x64\debug\mfc_processtree.tlog\cl.command.1.tlog
e:\c源码\面试项目复习\mfc_processtree - 副本\x64\debug\mfc_processtree.tlog\cl.read.1.tlog
e:\c源码\面试项目复习\mfc_processtree - 副本\x64\debug\mfc_processtree.tlog\cl.write.1.tlog
e:\c源码\面试项目复习\mfc_processtree - 副本\x64\debug\mfc_processtree.tlog\link.command.1.tlog
e:\c源码\面试项目复习\mfc_processtree - 副本\x64\debug\mfc_processtree.tlog\link.read.1.tlog
e:\c源码\面试项目复习\mfc_processtree - 副本\x64\debug\mfc_processtree.tlog\link.write.1.tlog
e:\c源码\面试项目复习\mfc_processtree - 副本\x64\debug\mfc_processtree.tlog\rc.command.1.tlog
e:\c源码\面试项目复习\mfc_processtree - 副本\x64\debug\mfc_processtree.tlog\rc.read.1.tlog
e:\c源码\面试项目复习\mfc_processtree - 副本\x64\debug\mfc_processtree.tlog\rc.write.1.tlog
